mode: set
route256/cart/internal/repository/repository.go:21.34,25.2 1 0
route256/cart/internal/repository/repository.go:28.66,51.16 6 0
route256/cart/internal/repository/repository.go:51.16,53.3 1 0
route256/cart/internal/repository/repository.go:55.2,60.16 2 0
route256/cart/internal/repository/repository.go:60.16,62.3 1 0
route256/cart/internal/repository/repository.go:63.2,66.16 3 0
route256/cart/internal/repository/repository.go:66.16,68.3 1 0
route256/cart/internal/repository/repository.go:70.2,76.32 4 0
route256/cart/internal/repository/repository.go:76.32,80.3 3 0
route256/cart/internal/repository/repository.go:82.2,82.47 1 0
route256/cart/internal/repository/repository.go:86.106,88.34 2 0
route256/cart/internal/repository/repository.go:88.34,89.55 1 0
route256/cart/internal/repository/repository.go:89.55,92.4 2 0
route256/cart/internal/repository/repository.go:95.2,95.18 1 0
route256/cart/internal/repository/repository.go:99.88,100.35 1 0
route256/cart/internal/repository/repository.go:100.35,102.3 1 0
route256/cart/internal/repository/repository.go:104.2,108.12 2 0
route256/cart/internal/repository/repository.go:112.65,115.2 2 0
route256/cart/internal/repository/repository.go:118.52,121.2 2 0
route256/cart/internal/repository/repository.go:124.78,126.2 1 0
route256/cart/internal/service/list/get_cart/get_cart.go:19.42,23.2 1 1
route256/cart/internal/service/list/get_cart/get_cart.go:26.62,32.16 4 1
route256/cart/internal/service/list/get_cart/get_cart.go:32.16,34.3 1 0
route256/cart/internal/service/list/get_cart/get_cart.go:36.2,40.30 3 1
route256/cart/internal/service/list/get_cart/get_cart.go:40.30,43.17 2 1
route256/cart/internal/service/list/get_cart/get_cart.go:43.17,45.12 2 0
route256/cart/internal/service/list/get_cart/get_cart.go:48.3,53.59 4 1
route256/cart/internal/service/list/get_cart/get_cart.go:56.2,56.43 1 1
route256/cart/internal/service/list/get_cart/get_cart.go:56.43,58.3 1 1
route256/cart/internal/service/list/get_cart/get_cart.go:60.2,63.24 3 1
route256/cart/internal/service/list/get_cart/get_cart.go:63.24,66.3 1 0
route256/cart/internal/service/list/get_cart/get_cart.go:68.2,68.18 1 1
route256/cart/internal/service/item/delete_item/delete_item.go:11.42,15.2 1 1
route256/cart/internal/service/item/delete_item/delete_item.go:18.62,21.2 2 1
route256/cart/internal/repository/repository.go:21.34,25.2 1 1
route256/cart/internal/repository/repository.go:28.66,51.16 6 1
route256/cart/internal/repository/repository.go:51.16,53.3 1 0
route256/cart/internal/repository/repository.go:55.2,60.16 2 1
route256/cart/internal/repository/repository.go:60.16,62.3 1 0
route256/cart/internal/repository/repository.go:63.2,66.16 3 1
route256/cart/internal/repository/repository.go:66.16,68.3 1 0
route256/cart/internal/repository/repository.go:70.2,76.32 4 1
route256/cart/internal/repository/repository.go:76.32,80.3 3 1
route256/cart/internal/repository/repository.go:82.2,82.47 1 1
route256/cart/internal/repository/repository.go:86.106,88.34 2 1
route256/cart/internal/repository/repository.go:88.34,89.55 1 1
route256/cart/internal/repository/repository.go:89.55,92.4 2 1
route256/cart/internal/repository/repository.go:95.2,95.18 1 1
route256/cart/internal/repository/repository.go:99.88,100.35 1 1
route256/cart/internal/repository/repository.go:100.35,102.3 1 1
route256/cart/internal/repository/repository.go:104.2,108.12 2 1
route256/cart/internal/repository/repository.go:112.65,115.2 2 1
route256/cart/internal/repository/repository.go:118.52,121.2 2 1
route256/cart/internal/repository/repository.go:124.78,126.2 1 1
route256/cart/internal/service/list/clear_cart/clear_cart.go:11.42,15.2 1 1
route256/cart/internal/service/list/clear_cart/clear_cart.go:18.49,21.2 2 1
route256/cart/internal/service/item/add_product/add_product.go:18.42,22.2 1 1
route256/cart/internal/service/item/add_product/add_product.go:28.81,30.16 2 1
route256/cart/internal/service/item/add_product/add_product.go:30.16,32.3 1 1
route256/cart/internal/service/item/add_product/add_product.go:34.2,34.30 1 1
route256/cart/internal/service/item/add_product/add_product.go:34.30,36.3 1 1
route256/cart/internal/service/item/add_product/add_product.go:38.2,38.24 1 1
route256/cart/internal/service/item/add_product/add_product.go:38.24,40.17 2 1
route256/cart/internal/service/item/add_product/add_product.go:40.17,42.4 1 0
route256/cart/internal/service/item/add_product/add_product.go:44.3,47.17 3 1
route256/cart/internal/service/item/add_product/add_product.go:47.17,49.4 1 0
route256/cart/internal/service/item/add_product/add_product.go:51.3,51.13 1 1
route256/cart/internal/service/item/add_product/add_product.go:54.2,54.25 1 0
route256/cart/internal/service/item/add_product/add_product.go:54.25,56.3 1 0
route256/cart/internal/service/item/add_product/add_product.go:58.2,58.12 1 0
